
Cadence (R) Virtuoso (R) Spectre (R) Circuit Simulator
Version 7.0.1.125.isr11 -- 19 Oct 2008
Copyright (C) 1989-2007 Cadence Design Systems, Inc. All rights reserved worldwide. Cadence, Virtuoso and Spectre are registered trademarks of Cadence Design Systems, Inc. All others are the property of their respective holders.

Protected by U.S. Patents: 5,610,847; 5,790,436; 5,812,431; 5,859,785; 5,949,992; 5,987,238; 6,088,523; 6,101,323; 6,151,698; 6,181,754; 6,260,176; 6,278,964; 6,349,272; 6,374,390; 6,493,849; 6,504,885; 6,618,837; 6,636,839; 6,778,025; 6,832,358; 6,851,097; 6,928,626; 7,024,652; 7,035,782; 7,085,700; 7,143,021.

Includes RSA BSAFE(R) Cryptographic or Security Protocol Software from RSA Security, Inc.

Simulating `input.scs' on class4.ee.Virginia.EDU at 2:04:30 AM, Fri May 24, 2013 (process id: 5094).
Command line:
    /app/cadence/MMSIM70/tools.lnx86/spectre/bin/32bit/spectre -env  \
        artist5.1.0 +escchars +log OUT/psf/spectre.out +inter=mpsc  \
        +mpssession=spectre0_5031_1 -format sst2 -raw OUT/psf  \
        +lqtimeout 900 -maxw 5 -maxn 5 input.scs
spectre pid = 5094

Loading /app/cadence/MMSIM70/tools.lnx86/cmi/lib/5.0/libinfineon_sh.so ...
Loading /app/cadence/MMSIM70/tools.lnx86/cmi/lib/5.0/libphilips_sh.so ...
Loading /app/cadence/MMSIM70/tools.lnx86/cmi/lib/5.0/libsparam_sh.so ...
Loading /app/cadence/MMSIM70/tools.lnx86/cmi/lib/5.0/libstmodels_sh.so ...
Using new Spectre Parser.
Auto-loading AHDL component.
Finished loading AHDL component in 0 s (elapsed).
Installed AHDL simulation interface.

Warning from spectre in `N_TRANSISTOR':`I0.M0', in `dynamicOR':`I0', during hierarchy flattening.
    WARNING (SFE-30): "../../../../template/ibm65/subN.scs" 5: I0.M0.NX: `p_vta' is not a valid parameter for an instance of `nsvtlp'.  Ignored.
Warning from spectre in `N_TRANSISTOR':`I0.M1', in `dynamicOR':`I0', during hierarchy flattening.
    WARNING (SFE-30): "../../../../template/ibm65/subN.scs" 5: I0.M1.NX: `p_vta' is not a valid parameter for an instance of `nsvtlp'.  Ignored.
Warning from spectre in `N_TRANSISTOR':`I0.I0.M0', in `seriesN':`I0.I0', in `dynamicOR':`I0', during hierarchy flattening.
    WARNING (SFE-30): "../../../../template/ibm65/subN.scs" 5: I0.I0.M0.NX: `p_vta' is not a valid parameter for an instance of `nsvtlp'.  Ignored.
Warning from spectre in `N_TRANSISTOR':`I0.I0.M1', in `seriesN':`I0.I0', in `dynamicOR':`I0', during hierarchy flattening.
    WARNING (SFE-30): "../../../../template/ibm65/subN.scs" 5: I0.I0.M1.NX: `p_vta' is not a valid parameter for an instance of `nsvtlp'.  Ignored.
Warning from spectre in `P_TRANSISTOR':`I0.MPre', in `dynamicOR':`I0', during hierarchy flattening.
    WARNING (SFE-30): "../../../../template/ibm65/subP.scs" 5: I0.MPre.PX: `p_vta' is not a valid parameter for an instance of `psvtlp'.  Ignored.
        Further occurrences of this warning will be suppressed.
Warning from spectre during initial setup.
    WARNING (CMI-2426): B1.I0.M0.NX.m1: `Dvt0' = -30 mV is negative.
    WARNING (CMI-2426): B0.I0.M0.NX.m1: `Dvt0' = -30 mV is negative.
    WARNING (CMI-2426): I0.I1.M0.NX.m1: `Dvt0' = -30 mV is negative.
    WARNING (CMI-2426): I2.M0.NX.m1: `Dvt0' = -30 mV is negative.
    WARNING (CMI-2426): I0.M0.NX.m1: `Dvt0' = -30 mV is negative.
        Further occurrences of this warning will be suppressed.


Circuit inventory:
              nodes 36
              bsim4 57    
          capacitor 1     
            vsource 8     


Warning from spectre.
    WARNING (SPECTRE-6006): 52 warnings suppressed.

Entering remote command mode using MPSC service (spectre, ipi, v0.0, spectre0_5031_1, ).

Warning from spectre during alter `settnom'.
    WARNING (CMI-2426): B1.I0.M0.NX.m1: `Dvt0' = -30 mV is negative.
    WARNING (CMI-2426): B0.I0.M0.NX.m1: `Dvt0' = -30 mV is negative.
    WARNING (CMI-2426): I0.I1.M0.NX.m1: `Dvt0' = -30 mV is negative.
    WARNING (CMI-2426): I2.M0.NX.m1: `Dvt0' = -30 mV is negative.
    WARNING (CMI-2426): I0.M0.NX.m1: `Dvt0' = -30 mV is negative.
        Further occurrences of this warning will be suppressed.


settnom: `tnom' set to 27 C.

************************************************
Transient Analysis `tran': time = (0 s -> 20 ns)
************************************************
Trying `homotopy = gmin' for initial conditions.
Important parameter values:
    start = 0 s
    outputstart = 0 s
    stop = 20 ns
    step = 100 fs
    maxstep = 200 ps
    ic = all
    skipdc = no
    reltol = 100e-09
    abstol(I) = 1 pA
    abstol(V) = 1 uV
    temp = 27 C
    tnom = 27 C
    tempeffects = all
    errpreset = conservative
    method = gear2only
    lteratio = 10
    relref = alllocal
    cmin = 0 F
    gmin = 100e-24 S

    tran: time = 508.6 ps    (2.54 %), step = 21 ps        (105 m%)
    tran: time = 1.524 ns    (7.62 %), step = 200 ps          (1 %)
    tran: time = 2.501 ns    (12.5 %), step = 176.8 ps     (884 m%)
    tran: time = 3.596 ns      (18 %), step = 200 ps          (1 %)
    tran: time = 4.596 ns      (23 %), step = 200 ps          (1 %)
    tran: time = 5.506 ns    (27.5 %), step = 20.63 ps     (103 m%)
    tran: time = 6.5 ns      (32.5 %), step = 96.7 fs      (484 u%)
    tran: time = 7.5 ns      (37.5 %), step = 11.76 fs    (58.8 u%)
    tran: time = 8.633 ns    (43.2 %), step = 200 ps          (1 %)
    tran: time = 9.633 ns    (48.2 %), step = 200 ps          (1 %)
    tran: time = 10.51 ns    (52.5 %), step = 24.23 ps     (121 m%)
    tran: time = 11.67 ns    (58.4 %), step = 200 ps          (1 %)
    tran: time = 12.5 ns     (62.5 %), step = 113.9 ps     (569 m%)
    tran: time = 13.66 ns    (68.3 %), step = 200 ps          (1 %)
    tran: time = 14.66 ns    (73.3 %), step = 200 ps          (1 %)
    tran: time = 15.52 ns    (77.6 %), step = 26.93 ps     (135 m%)
    tran: time = 16.5 ns     (82.5 %), step = 323.4 fs    (1.62 m%)
    tran: time = 17.5 ns     (87.5 %), step = 750 fs      (3.75 m%)
    tran: time = 18.55 ns    (92.8 %), step = 120.3 ps     (601 m%)
    tran: time = 19.64 ns    (98.2 %), step = 185.7 ps     (928 m%)
Number of accepted tran steps =             19216
Intrinsic tran analysis time =              21.19 s.
Total time required for tran analysis `tran' was 21.26 s.

finalTimeOP: writing operating point information to rawfile.
modelParameter: writing model parameter values to rawfile.
element: writing instance parameter values to rawfile.
outputParameter: writing output parameter values to rawfile.
designParamVals: writing netlist parameters to rawfile.
primitives: writing primitives to rawfile.
subckts: writing subcircuits to rawfile.
Spectre received SIGTERM.

Killed by user.

Aggregate audit (2:04:57 AM, Fri May 24, 2013):
Time used: CPU = 21.6 s, elapsed = 27 s, util. = 79.8%.
Time spent in licensing: elapsed = 10 ms.
Virtual memory used = 8.47 Mbytes.
spectre completes with 0 errors, 68 warnings, and 0 notices.
