
Cadence (R) Virtuoso (R) Spectre (R) Circuit Simulator
Version 7.0.1.125.isr11 -- 19 Oct 2008
Copyright (C) 1989-2007 Cadence Design Systems, Inc. All rights reserved worldwide. Cadence, Virtuoso and Spectre are registered trademarks of Cadence Design Systems, Inc. All others are the property of their respective holders.

Protected by U.S. Patents: 5,610,847; 5,790,436; 5,812,431; 5,859,785; 5,949,992; 5,987,238; 6,088,523; 6,101,323; 6,151,698; 6,181,754; 6,260,176; 6,278,964; 6,349,272; 6,374,390; 6,493,849; 6,504,885; 6,618,837; 6,636,839; 6,778,025; 6,832,358; 6,851,097; 6,928,626; 7,024,652; 7,035,782; 7,085,700; 7,143,021.

Includes RSA BSAFE(R) Cryptographic or Security Protocol Software from RSA Security, Inc.

Simulating `input.scs' on class3.ee.Virginia.EDU at 1:21:15 AM, Wed Jan 23, 2013 (process id: 9652).
Command line:
    /app/cadence/MMSIM70/tools.lnx86/spectre/bin/32bit/spectre -env  \
        artist5.1.0 +escchars +log OUT/psf/spectre.out +inter=mpsc  \
        +mpssession=spectre0_9592_1 -format sst2 -raw OUT/psf  \
        +lqtimeout 900 -maxw 5 -maxn 5 input.scs
spectre pid = 9652

Loading /app/cadence/MMSIM70/tools.lnx86/cmi/lib/5.0/libinfineon_sh.so ...
Loading /app/cadence/MMSIM70/tools.lnx86/cmi/lib/5.0/libphilips_sh.so ...
Loading /app/cadence/MMSIM70/tools.lnx86/cmi/lib/5.0/libsparam_sh.so ...
Loading /app/cadence/MMSIM70/tools.lnx86/cmi/lib/5.0/libstmodels_sh.so ...
Using new Spectre Parser.
Auto-loading AHDL component.
Finished loading AHDL component in 0 s (elapsed).
Installed AHDL simulation interface.

Warning from spectre in `DFF':`I1', during hierarchy flattening.
    WARNING (SFE-30): "input.scs" 25: I1.M25: `mult' is not a valid parameter for an instance of `N_TRANSISTOR'.  Ignored.
Warning from spectre in `N_TRANSISTOR':`I1.M25', in `DFF':`I1', during hierarchy flattening.
    WARNING (SFE-30): "../../../../template/ibm65/subN.scs" 5: I1.M25.NX: `p_vta' is not a valid parameter for an instance of `nsvtlp'.  Ignored.
Warning from spectre in `DFF':`I1', during hierarchy flattening.
    WARNING (SFE-30): "input.scs" 26: I1.M23: `mult' is not a valid parameter for an instance of `N_TRANSISTOR'.  Ignored.
Warning from spectre in `N_TRANSISTOR':`I1.M23', in `DFF':`I1', during hierarchy flattening.
    WARNING (SFE-30): "../../../../template/ibm65/subN.scs" 5: I1.M23.NX: `p_vta' is not a valid parameter for an instance of `nsvtlp'.  Ignored.
Warning from spectre in `DFF':`I1', during hierarchy flattening.
    WARNING (SFE-30): "input.scs" 27: I1.M21: `mult' is not a valid parameter for an instance of `N_TRANSISTOR'.  Ignored.
        Further occurrences of this warning will be suppressed.
Warning from spectre during initial setup.
    WARNING (CMI-2426): IINV2.N0.NX.m1: `Dvt0' = -30 mV is negative.
    WARNING (CMI-2426): IINV1.N0.NX.m1: `Dvt0' = -30 mV is negative.
    WARNING (CMI-2426): I1.M3.NX.m1: `Dvt0' = -30 mV is negative.
    WARNING (CMI-2426): I1.M23.NX.m1: `Dvt0' = -30 mV is negative.
    WARNING (CMI-2426): I1.M17.NX.m1: `Dvt0' = -30 mV is negative.
        Further occurrences of this warning will be suppressed.


Circuit inventory:
              nodes 34
              bsim4 56    
          capacitor 1     
            vsource 4     


Warning from spectre.
    WARNING (SPECTRE-6006): 104 warnings suppressed.

Entering remote command mode using MPSC service (spectre, ipi, v0.0, spectre0_9592_1, ).

Warning from spectre during alter `settnom'.
    WARNING (CMI-2426): IINV2.N0.NX.m1: `Dvt0' = -30 mV is negative.
    WARNING (CMI-2426): IINV1.N0.NX.m1: `Dvt0' = -30 mV is negative.
    WARNING (CMI-2426): I1.M3.NX.m1: `Dvt0' = -30 mV is negative.
    WARNING (CMI-2426): I1.M23.NX.m1: `Dvt0' = -30 mV is negative.
    WARNING (CMI-2426): I1.M17.NX.m1: `Dvt0' = -30 mV is negative.
        Further occurrences of this warning will be suppressed.


settnom: `tnom' set to 27 C.

Warning from spectre.
    WARNING (SPECTRE-6006): 1 warning suppressed.


************************************************
Transient Analysis `tran': time = (0 s -> 10 ns)
************************************************
Important parameter values:
    start = 0 s
    outputstart = 0 s
    stop = 10 ns
    step = 5 ps
    maxstep = 200 ps
    ic = all
    skipdc = no
    reltol = 1e-06
    abstol(I) = 1 pA
    abstol(V) = 1 uV
    temp = 25 C
    tnom = 27 C
    tempeffects = all
    errpreset = moderate
    method = traponly
    lteratio = 3.5
    relref = sigglobal
    cmin = 0 F
    gmin = 100e-24 S

    tran: time = 315 ps      (3.15 %), step = 160 ps        (1.6 %)
    tran: time = 915 ps      (9.15 %), step = 200 ps          (2 %)
    tran: time = 1.315 ns    (13.1 %), step = 200 ps          (2 %)
    tran: time = 1.915 ns    (19.1 %), step = 200 ps          (2 %)
    tran: time = 2.315 ns    (23.1 %), step = 200 ps          (2 %)
    tran: time = 2.751 ns    (27.5 %), step = 1.389 ps    (13.9 m%)
    tran: time = 3.265 ns    (32.6 %), step = 18.18 ps     (182 m%)
    tran: time = 3.81 ns     (38.1 %), step = 81.28 ps     (813 m%)
    tran: time = 4.307 ns    (43.1 %), step = 113.3 ps     (1.13 %)
    tran: time = 4.845 ns    (48.5 %), step = 148.7 ps     (1.49 %)
    tran: time = 5.262 ns    (52.6 %), step = 12.87 ps     (129 m%)
    tran: time = 5.764 ns    (57.6 %), step = 44.97 ps     (450 m%)
    tran: time = 6.25 ns     (62.5 %), step = 70.84 ps     (708 m%)
    tran: time = 6.77 ns     (67.7 %), step = 28.86 ps     (289 m%)
    tran: time = 7.256 ns    (72.6 %), step = 60.58 ps     (606 m%)
    tran: time = 7.75 ns     (77.5 %), step = 692.3 fs    (6.92 m%)
    tran: time = 8.273 ns    (82.7 %), step = 30.1 ps      (301 m%)
    tran: time = 8.816 ns    (88.2 %), step = 82.18 ps     (822 m%)
    tran: time = 9.324 ns    (93.2 %), step = 116.1 ps     (1.16 %)
    tran: time = 9.877 ns    (98.8 %), step = 153.1 ps     (1.53 %)
Number of accepted tran steps =             2213
Intrinsic tran analysis time =              2.06 s.
Total time required for tran analysis `tran' was 2.07 s.

finalTimeOP: writing operating point information to rawfile.
modelParameter: writing model parameter values to rawfile.
element: writing instance parameter values to rawfile.
outputParameter: writing output parameter values to rawfile.
designParamVals: writing netlist parameters to rawfile.
primitives: writing primitives to rawfile.
subckts: writing subcircuits to rawfile.
Spectre received SIGTERM.

Killed by user.

Aggregate audit (1:21:22 AM, Wed Jan 23, 2013):
Time used: CPU = 2.36 s, elapsed = 7 s, util. = 33.8%.
Time spent in licensing: elapsed = 10 ms.
Virtual memory used = 8.59 Mbytes.
spectre completes with 0 errors, 122 warnings, and 0 notices.
