
Cadence (R) Virtuoso (R) Spectre (R) Circuit Simulator
Version 7.0.1.125.isr11 -- 19 Oct 2008
Copyright (C) 1989-2007 Cadence Design Systems, Inc. All rights reserved worldwide. Cadence, Virtuoso and Spectre are registered trademarks of Cadence Design Systems, Inc. All others are the property of their respective holders.

Protected by U.S. Patents: 5,610,847; 5,790,436; 5,812,431; 5,859,785; 5,949,992; 5,987,238; 6,088,523; 6,101,323; 6,151,698; 6,181,754; 6,260,176; 6,278,964; 6,349,272; 6,374,390; 6,493,849; 6,504,885; 6,618,837; 6,636,839; 6,778,025; 6,832,358; 6,851,097; 6,928,626; 7,024,652; 7,035,782; 7,085,700; 7,143,021.

Includes RSA BSAFE(R) Cryptographic or Security Protocol Software from RSA Security, Inc.

Simulating `input.scs' on class4.ee.Virginia.EDU at 2:01:33 PM, Wed Apr 25, 2012 (process id: 7230).
Command line:
    /app/cadence/MMSIM70/tools.lnx86/spectre/bin/32bit/spectre -env  \
        artist5.1.0 +escchars +log OUTW/psf/spectre.out +inter=mpsc  \
        +mpssession=spectre0_5805_30 -format sst2 -raw OUTW/psf  \
        +lqtimeout 900 -maxw 5 -maxn 5 input.scs
spectre pid = 7230

Loading /app/cadence/MMSIM70/tools.lnx86/cmi/lib/5.0/libinfineon_sh.so ...
Loading /app/cadence/MMSIM70/tools.lnx86/cmi/lib/5.0/libphilips_sh.so ...
Loading /app/cadence/MMSIM70/tools.lnx86/cmi/lib/5.0/libsparam_sh.so ...
Loading /app/cadence/MMSIM70/tools.lnx86/cmi/lib/5.0/libstmodels_sh.so ...
Using new Spectre Parser.
Auto-loading AHDL component.
Finished loading AHDL component in 0 s (elapsed).
Installed AHDL simulation interface.

Notice from spectre during initial setup.
    Multithreading device evaluation is not applied for primitive `bsim4' since the number of instances for this primitive is not large enough (i.e. less than or equal to 256 instances) for multithreading to be efficient.


Circuit inventory:
              nodes 34
              bsim4 55    
          capacitor 4     
            vsource 8     


Notice from spectre during initial setup.
    Multithreading Enabled: 3 threads on system with 8 available processors.
        

Entering remote command mode using MPSC service (spectre, ipi, v0.0, spectre0_5805_30, ).

alter1: `mc_global' set to 0.

alter2: `cor_nmos' set to 0.

alter3: `cor_pmos' set to 0.

*************************************************
Transient Analysis `tran': time = (0 s -> 6.6 ns)
*************************************************
Important parameter values:
    start = 0 s
    outputstart = 0 s
    stop = 6.6 ns
    step = 10 ps
    maxstep = 132 ps
    ic = all
    skipdc = no
    reltol = 1e-03
    abstol(I) = 1 pA
    abstol(V) = 1 uV
    temp = 25 C
    tnom = 27 C
    tempeffects = all
    errpreset = moderate
    method = traponly
    lteratio = 3.5
    relref = sigglobal
    cmin = 0 F
    gmin = 100e-24 S

    tran: time = 166 ps      (2.52 %), step = 1 ps        (15.2 m%)
    tran: time = 496 ps      (7.52 %), step = 1 ps        (15.2 m%)
    tran: time = 826 ps      (12.5 %), step = 1 ps        (15.2 m%)
    tran: time = 1.155 ns    (17.5 %), step = 1 ps        (15.2 m%)
    tran: time = 1.485 ns    (22.5 %), step = 1 ps        (15.2 m%)
    tran: time = 1.815 ns    (27.5 %), step = 1 ps        (15.2 m%)
    tran: time = 2.145 ns    (32.5 %), step = 1 ps        (15.2 m%)
    tran: time = 2.475 ns    (37.5 %), step = 1 ps        (15.2 m%)
    tran: time = 2.806 ns    (42.5 %), step = 1 ps        (15.2 m%)
    tran: time = 3.136 ns    (47.5 %), step = 1 ps        (15.2 m%)
    tran: time = 3.466 ns    (52.5 %), step = 1 ps        (15.2 m%)
    tran: time = 3.796 ns    (57.5 %), step = 1 ps        (15.2 m%)
    tran: time = 4.125 ns    (62.5 %), step = 1 ps        (15.2 m%)
    tran: time = 4.455 ns    (67.5 %), step = 1 ps        (15.2 m%)
    tran: time = 4.785 ns    (72.5 %), step = 1 ps        (15.2 m%)
    tran: time = 5.115 ns    (77.5 %), step = 1 ps        (15.2 m%)
    tran: time = 5.445 ns    (82.5 %), step = 1 ps        (15.2 m%)
    tran: time = 5.775 ns    (87.5 %), step = 1 ps        (15.2 m%)
    tran: time = 6.105 ns    (92.5 %), step = 1 ps        (15.2 m%)
    tran: time = 6.435 ns    (97.5 %), step = 1 ps        (15.2 m%)
Number of accepted tran steps =             6600
Intrinsic tran analysis time =              5.14022 s.
Total time required for tran analysis `tran' was 5.15122 s.

finalTimeOP: writing operating point information to rawfile.
modelParameter: writing model parameter values to rawfile.
element: writing instance parameter values to rawfile.
outputParameter: writing output parameter values to rawfile.
designParamVals: writing netlist parameters to rawfile.
primitives: writing primitives to rawfile.
subckts: writing subcircuits to rawfile.

alter1: `mc_global' set to 0.

alter2: `cor_nmos' set to 0.

alter3: `cor_pmos' set to 0.

*************************************************
Transient Analysis `tran': time = (0 s -> 6.6 ns)
*************************************************
Important parameter values:
    start = 0 s
    outputstart = 0 s
    stop = 6.6 ns
    step = 10 ps
    maxstep = 132 ps
    ic = all
    skipdc = no
    reltol = 1e-03
    abstol(I) = 1 pA
    abstol(V) = 1 uV
    temp = 25 C
    tnom = 27 C
    tempeffects = all
    errpreset = moderate
    method = traponly
    lteratio = 3.5
    relref = sigglobal
    cmin = 0 F
    gmin = 100e-24 S

    tran: time = 166 ps      (2.52 %), step = 1 ps        (15.2 m%)
    tran: time = 496 ps      (7.52 %), step = 1 ps        (15.2 m%)
    tran: time = 826 ps      (12.5 %), step = 1 ps        (15.2 m%)
    tran: time = 1.155 ns    (17.5 %), step = 1 ps        (15.2 m%)
    tran: time = 1.485 ns    (22.5 %), step = 1 ps        (15.2 m%)
    tran: time = 1.815 ns    (27.5 %), step = 1 ps        (15.2 m%)
    tran: time = 2.145 ns    (32.5 %), step = 1 ps        (15.2 m%)
    tran: time = 2.475 ns    (37.5 %), step = 1 ps        (15.2 m%)
    tran: time = 2.806 ns    (42.5 %), step = 1 ps        (15.2 m%)
    tran: time = 3.136 ns    (47.5 %), step = 1 ps        (15.2 m%)
    tran: time = 3.466 ns    (52.5 %), step = 1 ps        (15.2 m%)
    tran: time = 3.796 ns    (57.5 %), step = 1 ps        (15.2 m%)
    tran: time = 4.125 ns    (62.5 %), step = 1 ps        (15.2 m%)
    tran: time = 4.455 ns    (67.5 %), step = 1 ps        (15.2 m%)
    tran: time = 4.785 ns    (72.5 %), step = 1 ps        (15.2 m%)
    tran: time = 5.115 ns    (77.5 %), step = 1 ps        (15.2 m%)
    tran: time = 5.445 ns    (82.5 %), step = 1 ps        (15.2 m%)
    tran: time = 5.775 ns    (87.5 %), step = 1 ps        (15.2 m%)
    tran: time = 6.105 ns    (92.5 %), step = 1 ps        (15.2 m%)
    tran: time = 6.435 ns    (97.5 %), step = 1 ps        (15.2 m%)
Number of accepted tran steps =             6604
Intrinsic tran analysis time =              5.16622 s.
Total time required for tran analysis `tran' was 5.17521 s.

finalTimeOP: writing operating point information to rawfile.
modelParameter: writing model parameter values to rawfile.
element: writing instance parameter values to rawfile.
outputParameter: writing output parameter values to rawfile.
designParamVals: writing netlist parameters to rawfile.
primitives: writing primitives to rawfile.
subckts: writing subcircuits to rawfile.
Spectre received SIGTERM.

Killed by user.

Aggregate audit (2:01:51 PM, Wed Apr 25, 2012):
Time used: CPU = 11.2 s, elapsed = 18 s, util. = 62.1%.
Time spent in licensing: elapsed = 10 ms.
Virtual memory used = 11.4 Mbytes.
spectre completes with 0 errors, 0 warnings, and 2 notices.
