
Cadence (R) Virtuoso (R) Spectre (R) Circuit Simulator
Version 7.0.1.125.isr11 -- 19 Oct 2008
Copyright (C) 1989-2007 Cadence Design Systems, Inc. All rights reserved worldwide. Cadence, Virtuoso and Spectre are registered trademarks of Cadence Design Systems, Inc. All others are the property of their respective holders.

Protected by U.S. Patents: 5,610,847; 5,790,436; 5,812,431; 5,859,785; 5,949,992; 5,987,238; 6,088,523; 6,101,323; 6,151,698; 6,181,754; 6,260,176; 6,278,964; 6,349,272; 6,374,390; 6,493,849; 6,504,885; 6,618,837; 6,636,839; 6,778,025; 6,832,358; 6,851,097; 6,928,626; 7,024,652; 7,035,782; 7,085,700; 7,143,021.

Includes RSA BSAFE(R) Cryptographic or Security Protocol Software from RSA Security, Inc.

Simulating `input.scs' on class4.ee.Virginia.EDU at 2:03:54 AM, Fri May 24, 2013 (process id: 4984).
Command line:
    /app/cadence/MMSIM70/tools.lnx86/spectre/bin/32bit/spectre -env  \
        artist5.1.0 +escchars +log OUT/psf/spectre.out +inter=mpsc  \
        +mpssession=spectre0_4920_1 -format sst2 -raw OUT/psf  \
        +lqtimeout 900 -maxw 5 -maxn 5 input.scs
spectre pid = 4984

Loading /app/cadence/MMSIM70/tools.lnx86/cmi/lib/5.0/libinfineon_sh.so ...
Loading /app/cadence/MMSIM70/tools.lnx86/cmi/lib/5.0/libphilips_sh.so ...
Loading /app/cadence/MMSIM70/tools.lnx86/cmi/lib/5.0/libsparam_sh.so ...
Loading /app/cadence/MMSIM70/tools.lnx86/cmi/lib/5.0/libstmodels_sh.so ...
Using new Spectre Parser.
Auto-loading AHDL component.
Finished loading AHDL component in 0 s (elapsed).
Installed AHDL simulation interface.

Warning from spectre in `N_TRANSISTOR':`I1.M0', in `inverter':`I1', during hierarchy flattening.
    WARNING (SFE-30): "../../../../template/ibm65/subN.scs" 5: I1.M0.NX: `p_vta' is not a valid parameter for an instance of `nsvtlp'.  Ignored.
Warning from spectre in `P_TRANSISTOR':`I1.M1', in `inverter':`I1', during hierarchy flattening.
    WARNING (SFE-30): "../../../../template/ibm65/subP.scs" 5: I1.M1.PX: `p_vta' is not a valid parameter for an instance of `psvtlp'.  Ignored.
Warning from spectre in `N_TRANSISTOR':`I2.M0', in `txgate':`I2', during hierarchy flattening.
    WARNING (SFE-30): "../../../../template/ibm65/subN.scs" 5: I2.M0.NX: `p_vta' is not a valid parameter for an instance of `nsvtlp'.  Ignored.
Warning from spectre in `P_TRANSISTOR':`I2.M1', in `txgate':`I2', during hierarchy flattening.
    WARNING (SFE-30): "../../../../template/ibm65/subP.scs" 5: I2.M1.PX: `p_vta' is not a valid parameter for an instance of `psvtlp'.  Ignored.
Warning from spectre in `N_TRANSISTOR':`I3.M0', in `inverter':`I3', during hierarchy flattening.
    WARNING (SFE-30): "../../../../template/ibm65/subN.scs" 5: I3.M0.NX: `p_vta' is not a valid parameter for an instance of `nsvtlp'.  Ignored.
        Further occurrences of this warning will be suppressed.
Warning from spectre during initial setup.
    WARNING (CMI-2426): InvLoad.M0.NX.m1: `Dvt0' = -30 mV is negative.
    WARNING (CMI-2426): I2.M0.NX.m1: `Dvt0' = -30 mV is negative.
    WARNING (CMI-2426): I1.M0.NX.m1: `Dvt0' = -30 mV is negative.


Circuit inventory:
              nodes 45
              bsim4 70    
          capacitor 1     
            vsource 14    


Warning from spectre.
    WARNING (SPECTRE-6006): 65 warnings suppressed.

Entering remote command mode using MPSC service (spectre, ipi, v0.0, spectre0_4920_1, ).

Warning from spectre during alter `settnom'.
    WARNING (CMI-2426): InvLoad.M0.NX.m1: `Dvt0' = -30 mV is negative.
    WARNING (CMI-2426): I2.M0.NX.m1: `Dvt0' = -30 mV is negative.
    WARNING (CMI-2426): I1.M0.NX.m1: `Dvt0' = -30 mV is negative.


settnom: `tnom' set to 27 C.

************************************************
Transient Analysis `tran': time = (0 s -> 20 ns)
************************************************
Important parameter values:
    start = 0 s
    outputstart = 0 s
    stop = 20 ns
    step = 100 fs
    maxstep = 200 ps
    ic = all
    skipdc = no
    reltol = 100e-09
    abstol(I) = 1 pA
    abstol(V) = 1 uV
    temp = 27 C
    tnom = 27 C
    tempeffects = all
    errpreset = conservative
    method = gear2only
    lteratio = 10
    relref = alllocal
    cmin = 0 F
    gmin = 100e-24 S

    tran: time = 646.5 ps    (3.23 %), step = 200 ps          (1 %)
    tran: time = 1.647 ns    (8.23 %), step = 200 ps          (1 %)
    tran: time = 2.5 ns      (12.5 %), step = 50.44 fs     (252 u%)
    tran: time = 3.599 ns      (18 %), step = 200 ps          (1 %)
    tran: time = 4.599 ns      (23 %), step = 200 ps          (1 %)
    tran: time = 5.504 ns    (27.5 %), step = 6.291 ps    (31.5 m%)
    tran: time = 6.576 ns    (32.9 %), step = 200 ps          (1 %)
    tran: time = 7.5 ns      (37.5 %), step = 50.81 fs     (254 u%)
    tran: time = 8.608 ns      (43 %), step = 200 ps          (1 %)
    tran: time = 9.608 ns      (48 %), step = 200 ps          (1 %)
    tran: time = 10.59 ns    (52.9 %), step = 103.7 ps     (519 m%)
    tran: time = 11.59 ns    (57.9 %), step = 200 ps          (1 %)
    tran: time = 12.5 ns     (62.5 %), step = 50.81 fs     (254 u%)
    tran: time = 13.58 ns    (67.9 %), step = 200 ps          (1 %)
    tran: time = 14.58 ns    (72.9 %), step = 200 ps          (1 %)
    tran: time = 15.5 ns     (77.5 %), step = 4.57 ps     (22.8 m%)
    tran: time = 16.54 ns    (82.7 %), step = 200 ps          (1 %)
    tran: time = 17.5 ns     (87.5 %), step = 50.81 fs     (254 u%)
    tran: time = 18.63 ns    (93.2 %), step = 200 ps          (1 %)
    tran: time = 19.63 ns    (98.2 %), step = 200 ps          (1 %)
Number of accepted tran steps =             18489
Intrinsic tran analysis time =              25.49 s.
Total time required for tran analysis `tran' was 25.5 s.

finalTimeOP: writing operating point information to rawfile.
modelParameter: writing model parameter values to rawfile.
element: writing instance parameter values to rawfile.
outputParameter: writing output parameter values to rawfile.
designParamVals: writing netlist parameters to rawfile.
primitives: writing primitives to rawfile.
subckts: writing subcircuits to rawfile.
Spectre received SIGTERM.

Killed by user.

Aggregate audit (2:04:24 AM, Fri May 24, 2013):
Time used: CPU = 25.8 s, elapsed = 30 s, util. = 86%.
Time spent in licensing: elapsed = 10 ms.
Virtual memory used = 8.59 Mbytes.
spectre completes with 0 errors, 77 warnings, and 0 notices.
