This is TeX, Version 3.14159 (Web2C 7.4.5) (format=latex 2004.3.26)  24 MAY 2013 02:03
**./output.tex
(./output.tex
LaTeX2e <2001/06/01>
Babel <v3.7h> and hyphenation patterns for american, french, german, ngerman, n
ohyphenation, loaded.

(/net/home1.virginia.edu/vol/itc/apps/teTeX2.0/share/texmf/tex/latex/base/artic
le.cls
Document Class: article 2001/04/21 v1.4e Standard LaTeX document class

(/net/home1.virginia.edu/vol/itc/apps/teTeX2.0/share/texmf/tex/latex/base/size1
0.clo
File: size10.clo 2001/04/21 v1.4e Standard LaTeX file (size option)
)
\c@part=\count79
\c@section=\count80
\c@subsection=\count81
\c@subsubsection=\count82
\c@paragraph=\count83
\c@subparagraph=\count84
\c@figure=\count85
\c@table=\count86
\abovecaptionskip=\skip41
\belowcaptionskip=\skip42
\bibindent=\dimen102
)
(/net/home1.virginia.edu/vol/itc/apps/teTeX2.0/share/texmf/tex/latex/graphics/g
raphicx.sty
Package: graphicx 1999/02/16 v1.0f Enhanced LaTeX Graphics (DPC,SPQR)

(/net/home1.virginia.edu/vol/itc/apps/teTeX2.0/share/texmf/tex/latex/graphics/k
eyval.sty
Package: keyval 1999/03/16 v1.13 key=value parser (DPC)
\KV@toks@=\toks14
)
(/net/home1.virginia.edu/vol/itc/apps/teTeX2.0/share/texmf/tex/latex/graphics/g
raphics.sty
Package: graphics 2001/07/07 v1.0n Standard LaTeX Graphics (DPC,SPQR)

(/net/home1.virginia.edu/vol/itc/apps/teTeX2.0/share/texmf/tex/latex/graphics/t
rig.sty
Package: trig 1999/03/16 v1.09 sin cos tan (DPC)
)
(/net/home1.virginia.edu/vol/itc/apps/teTeX2.0/share/texmf/tex/latex/config/gra
phics.cfg
File: graphics.cfg 2001/08/31 v1.1 graphics configuration of teTeX/TeXLive
)
Package graphics Info: Driver file: dvips.def on input line 80.

(/net/home1.virginia.edu/vol/itc/apps/teTeX2.0/share/texmf/tex/latex/graphics/d
vips.def
File: dvips.def 1999/02/16 v3.0i Driver-dependant file (DPC,SPQR)
))
\Gin@req@height=\dimen103
\Gin@req@width=\dimen104
)
(/net/home1.virginia.edu/vol/itc/apps/teTeX2.0/share/texmf/tex/latex/misc/geome
try.sty
Package: geometry 2002/07/08 v3.2 Page Geometry
\Gm@cnth=\count87
\Gm@cntv=\count88
\c@Gm@tempcnt=\count89
\Gm@bindingoffset=\dimen105
\Gm@wd@mp=\dimen106
\Gm@odd@mp=\dimen107
\Gm@even@mp=\dimen108
\Gm@dimlist=\toks15

(/net/home1.virginia.edu/vol/itc/apps/teTeX2.0/share/texmf/tex/latex/config/geo
metry.cfg
File: geometry.cfg 2001/06/05 v1.0 teTeX (uncustomised setup)
)) (./output.aux)
\openout1 = `output.aux'.

LaTeX Font Info:    Checking defaults for OML/cmm/m/it on input line 9.
LaTeX Font Info:    ... okay on input line 9.
LaTeX Font Info:    Checking defaults for T1/cmr/m/n on input line 9.
LaTeX Font Info:    ... okay on input line 9.
LaTeX Font Info:    Checking defaults for OT1/cmr/m/n on input line 9.
LaTeX Font Info:    ... okay on input line 9.
LaTeX Font Info:    Checking defaults for OMS/cmsy/m/n on input line 9.
LaTeX Font Info:    ... okay on input line 9.
LaTeX Font Info:    Checking defaults for OMX/cmex/m/n on input line 9.
LaTeX Font Info:    ... okay on input line 9.
LaTeX Font Info:    Checking defaults for U/cmr/m/n on input line 9.
LaTeX Font Info:    ... okay on input line 9.
-------------------- Geometry parameters
paper: letterpaper
landscape: --
twocolumn: --
twoside: --
asymmetric: --
h-parts: 36.135pt, 542.02501pt, 36.135pt
v-parts: 36.135pt, 722.7pt, 36.135pt
hmarginratio: --
vmarginratio: --
lines: --
heightrounded: --
bindingoffset: 0.0pt
truedimen: --
includehead: --
includefoot: --
includemp: --
driver: 
-------------------- Page layout dimensions and switches
\paperwidth  614.295pt
\paperheight 794.96999pt
\textwidth  542.02501pt
\textheight 722.7pt
\oddsidemargin  -36.135pt
\evensidemargin -36.135pt
\topmargin  -73.135pt
\headheight 12.0pt
\headsep    25.0pt
\footskip   30.0pt
\marginparwidth 65.0pt
\marginparsep   11.0pt
\columnsep  10.0pt
\skip\footins  9.0pt plus 4.0pt minus 2.0pt
\hoffset 0.0pt
\voffset 0.0pt
\mag 1000

(1in=72.27pt, 1cm=28.45pt)
-----------------------

(/net/home1.virginia.edu/vol/itc/apps/teTeX2.0/share/texmf/tex/generic/misc/eps
f.tex
This is `epsf.tex' v2.7k <10 July 1997>
\epsffilein=\read1
\epsfframemargin=\dimen109
\epsfframethickness=\dimen110
\epsfrsize=\dimen111
\epsftmp=\dimen112
\epsftsize=\dimen113
\epsfxsize=\dimen114
\epsfysize=\dimen115
\pspoints=\dimen116
\epsfnoopenhelp=\toks16
)
LaTeX Font Info:    External font `cmex10' loaded for size
(Font)              <12> on input line 13.
LaTeX Font Info:    External font `cmex10' loaded for size
(Font)              <8> on input line 13.
LaTeX Font Info:    External font `cmex10' loaded for size
(Font)              <6> on input line 13.
 [1

] (./output.lof)
\tf@lof=\write3
\openout3 = `output.lof'.

 [2] (./output.aux) ) 
Here is how much of TeX's memory you used:
 935 strings out of 95847
 13001 string characters out of 1195216
 59789 words of memory out of 1000001
 3907 multiletter control sequences out of 10000+50000
 8234 words of font info for 29 fonts, out of 500000 for 1000
 14 hyphenation exceptions out of 1000
 25i,6n,19p,463b,219s stack positions out of 1500i,500n,5000p,200000b,5000s

Output written on output.dvi (2 pages, 1360 bytes).
