
Cadence (R) Virtuoso (R) Spectre (R) Circuit Simulator
Version 7.0.1.125.isr11 -- 19 Oct 2008
Copyright (C) 1989-2007 Cadence Design Systems, Inc. All rights reserved worldwide. Cadence, Virtuoso and Spectre are registered trademarks of Cadence Design Systems, Inc. All others are the property of their respective holders.

Protected by U.S. Patents: 5,610,847; 5,790,436; 5,812,431; 5,859,785; 5,949,992; 5,987,238; 6,088,523; 6,101,323; 6,151,698; 6,181,754; 6,260,176; 6,278,964; 6,349,272; 6,374,390; 6,493,849; 6,504,885; 6,618,837; 6,636,839; 6,778,025; 6,832,358; 6,851,097; 6,928,626; 7,024,652; 7,035,782; 7,085,700; 7,143,021.

Includes RSA BSAFE(R) Cryptographic or Security Protocol Software from RSA Security, Inc.

Simulating `input.scs' on class3.ee.Virginia.EDU at 1:18:02 AM, Wed Jan 23, 2013 (process id: 8220).
Command line:
    /app/cadence/MMSIM70/tools.lnx86/spectre/bin/32bit/spectre -env  \
        artist5.1.0 +escchars +log OUTR/psf/spectre.out +inter=mpsc  \
        +mpssession=spectre0_8156_1 -format sst2 -raw OUTR/psf  \
        +lqtimeout 900 -maxw 5 -maxn 5 input.scs
spectre pid = 8220

Loading /app/cadence/MMSIM70/tools.lnx86/cmi/lib/5.0/libinfineon_sh.so ...
Loading /app/cadence/MMSIM70/tools.lnx86/cmi/lib/5.0/libphilips_sh.so ...
Loading /app/cadence/MMSIM70/tools.lnx86/cmi/lib/5.0/libsparam_sh.so ...
Loading /app/cadence/MMSIM70/tools.lnx86/cmi/lib/5.0/libstmodels_sh.so ...
Using new Spectre Parser.
Auto-loading AHDL component.
Finished loading AHDL component in 0 s (elapsed).
Installed AHDL simulation interface.

Warning from spectre in `N_TRANSISTOR':`ICOL1.M3', in `col_mux':`ICOL1', during hierarchy flattening.
    WARNING (SFE-30): "../../../../template/ibm65/subN.scs" 5: ICOL1.M3.NX: `p_vta' is not a valid parameter for an instance of `nsvtlp'.  Ignored.
Warning from spectre in `N_TRANSISTOR':`ICOL1.M1', in `col_mux':`ICOL1', during hierarchy flattening.
    WARNING (SFE-30): "../../../../template/ibm65/subN.scs" 5: ICOL1.M1.NX: `p_vta' is not a valid parameter for an instance of `nsvtlp'.  Ignored.
Warning from spectre in `P_TRANSISTOR':`ICOL1.M4', in `col_mux':`ICOL1', during hierarchy flattening.
    WARNING (SFE-30): "../../../../template/ibm65/subP.scs" 5: ICOL1.M4.PX: `p_vta' is not a valid parameter for an instance of `psvtlp'.  Ignored.
Warning from spectre in `P_TRANSISTOR':`ICOL1.M2', in `col_mux':`ICOL1', during hierarchy flattening.
    WARNING (SFE-30): "../../../../template/ibm65/subP.scs" 5: ICOL1.M2.PX: `p_vta' is not a valid parameter for an instance of `psvtlp'.  Ignored.
Warning from spectre in `P_TRANSISTOR':`ISA.I5.M2', in `nand2':`ISA.I5', in `SA':`ISA', during hierarchy flattening.
    WARNING (SFE-30): "../../../../template/ibm65/subP.scs" 5: ISA.I5.M2.PX: `p_vta' is not a valid parameter for an instance of `psvtlp'.  Ignored.
        Further occurrences of this warning will be suppressed.
Notice from spectre during initial setup.
    Multithreading device evaluation is not applied for primitive `bsim4' since the number of instances for this primitive is not large enough (i.e. less than or equal to 256 instances) for multithreading to be efficient.
Warning from spectre during initial setup.
    WARNING (CMI-2426): ICSEL.I3.MN.NX.m1: `Dvt0' = -30 mV is negative.
    WARNING (CMI-2426): ICSEL.I2.MN.NX.m1: `Dvt0' = -30 mV is negative.
    WARNING (CMI-2426): ICSEL.I1.MN.NX.m1: `Dvt0' = -30 mV is negative.
    WARNING (CMI-2426): ICSEL.I0.MN.NX.m1: `Dvt0' = -30 mV is negative.
    WARNING (CMI-2426): ISA.M8.NX.m1: `Dvt0' = -30 mV is negative.
        Further occurrences of this warning will be suppressed.


Circuit inventory:
              nodes 35
              bsim4 59    
          capacitor 7     
            vsource 8     


Notice from spectre during initial setup.
    Multithreading Enabled: 3 threads on system with 8 available processors.
        
Warning from spectre.
    WARNING (SPECTRE-6006): 56 warnings suppressed.

Entering remote command mode using MPSC service (spectre, ipi, v0.0, spectre0_8156_1, ).

Warning from spectre during alter `settnom'.
    WARNING (CMI-2426): ICSEL.I3.MN.NX.m1: `Dvt0' = -30 mV is negative.
    WARNING (CMI-2426): ICSEL.I2.MN.NX.m1: `Dvt0' = -30 mV is negative.
    WARNING (CMI-2426): ICSEL.I1.MN.NX.m1: `Dvt0' = -30 mV is negative.
    WARNING (CMI-2426): ICSEL.I0.MN.NX.m1: `Dvt0' = -30 mV is negative.
    WARNING (CMI-2426): ISA.M8.NX.m1: `Dvt0' = -30 mV is negative.
        Further occurrences of this warning will be suppressed.


settnom: `tnom' set to 27 C.

Warning from spectre.
    WARNING (SPECTRE-6006): 2 warnings suppressed.


*************************************************
Transient Analysis `tran': time = (0 s -> 5.5 ns)
*************************************************
Important parameter values:
    start = 0 s
    outputstart = 0 s
    stop = 5.5 ns
    step = 5.5 ps
    maxstep = 55 ps
    ic = all
    skipdc = no
    reltol = 100e-06
    abstol(I) = 1 pA
    abstol(V) = 1 uV
    temp = 25 C
    tnom = 27 C
    tempeffects = all
    errpreset = conservative
    method = gear2only
    lteratio = 10
    relref = alllocal
    cmin = 0 F
    gmin = 100e-24 S

    tran: time = 138 ps      (2.51 %), step = 1 ps        (18.2 m%)
    tran: time = 413 ps      (7.51 %), step = 1 ps        (18.2 m%)
    tran: time = 688 ps      (12.5 %), step = 1 ps        (18.2 m%)
    tran: time = 963 ps      (17.5 %), step = 1 ps        (18.2 m%)
    tran: time = 1.238 ns    (22.5 %), step = 1 ps        (18.2 m%)
    tran: time = 1.513 ns    (27.5 %), step = 1 ps        (18.2 m%)
    tran: time = 1.788 ns    (32.5 %), step = 1 ps        (18.2 m%)
    tran: time = 2.063 ns    (37.5 %), step = 1 ps        (18.2 m%)
    tran: time = 2.338 ns    (42.5 %), step = 1 ps        (18.2 m%)
    tran: time = 2.613 ns    (47.5 %), step = 1 ps        (18.2 m%)
    tran: time = 2.888 ns    (52.5 %), step = 1 ps        (18.2 m%)
    tran: time = 3.163 ns    (57.5 %), step = 1 ps        (18.2 m%)
    tran: time = 3.438 ns    (62.5 %), step = 1 ps        (18.2 m%)
    tran: time = 3.713 ns    (67.5 %), step = 1 ps        (18.2 m%)
    tran: time = 3.988 ns    (72.5 %), step = 1 ps        (18.2 m%)
    tran: time = 4.263 ns    (77.5 %), step = 1 ps        (18.2 m%)
    tran: time = 4.538 ns    (82.5 %), step = 1 ps        (18.2 m%)
    tran: time = 4.813 ns    (87.5 %), step = 1 ps        (18.2 m%)
    tran: time = 5.088 ns    (92.5 %), step = 1 ps        (18.2 m%)
    tran: time = 5.363 ns    (97.5 %), step = 1 ps        (18.2 m%)
Number of accepted tran steps =             5752
Intrinsic tran analysis time =              4.06938 s.
Total time required for tran analysis `tran' was 4.08238 s.

finalTimeOP: writing operating point information to rawfile.
modelParameter: writing model parameter values to rawfile.
element: writing instance parameter values to rawfile.
outputParameter: writing output parameter values to rawfile.
designParamVals: writing netlist parameters to rawfile.
primitives: writing primitives to rawfile.
subckts: writing subcircuits to rawfile.
Spectre received SIGTERM.

Killed by user.

Aggregate audit (1:18:10 AM, Wed Jan 23, 2013):
Time used: CPU = 4.4 s, elapsed = 8 s, util. = 55.1%.
Time spent in licensing: elapsed = 10 ms.
Virtual memory used = 8.66 Mbytes.
spectre completes with 0 errors, 75 warnings, and 2 notices.
