
Cadence (R) Virtuoso (R) Spectre (R) Circuit Simulator
Version 7.0.1.125.isr11 -- 19 Oct 2008
Copyright (C) 1989-2007 Cadence Design Systems, Inc. All rights reserved worldwide. Cadence, Virtuoso and Spectre are registered trademarks of Cadence Design Systems, Inc. All others are the property of their respective holders.

Protected by U.S. Patents: 5,610,847; 5,790,436; 5,812,431; 5,859,785; 5,949,992; 5,987,238; 6,088,523; 6,101,323; 6,151,698; 6,181,754; 6,260,176; 6,278,964; 6,349,272; 6,374,390; 6,493,849; 6,504,885; 6,618,837; 6,636,839; 6,778,025; 6,832,358; 6,851,097; 6,928,626; 7,024,652; 7,035,782; 7,085,700; 7,143,021.

Includes RSA BSAFE(R) Cryptographic or Security Protocol Software from RSA Security, Inc.

Simulating `input.scs' on class3.ee.Virginia.EDU at 1:19:26 AM, Wed Jan 23, 2013 (process id: 8982).
Command line:
    /app/cadence/MMSIM70/tools.lnx86/spectre/bin/32bit/spectre -env  \
        artist5.1.0 +log OUT/log.out -format psfascii -raw OUT/  \
        input.scs

Loading /app/cadence/MMSIM70/tools.lnx86/cmi/lib/5.0/libinfineon_sh.so ...
Loading /app/cadence/MMSIM70/tools.lnx86/cmi/lib/5.0/libphilips_sh.so ...
Loading /app/cadence/MMSIM70/tools.lnx86/cmi/lib/5.0/libsparam_sh.so ...
Loading /app/cadence/MMSIM70/tools.lnx86/cmi/lib/5.0/libstmodels_sh.so ...
Using new Spectre Parser.
Auto-loading AHDL component.
Finished loading AHDL component in 0 s (elapsed).
Installed AHDL simulation interface.

Warning from spectre in `PU_TRANSISTOR':`P1', during hierarchy flattening.
    WARNING (SFE-30): "../../../../template/ibm65/subPU.scs" 5: P1.PX: `p_vta' is not a valid parameter for an instance of `psvtlppusp'.  Ignored.
Warning from spectre in `PU_TRANSISTOR':`P2', during hierarchy flattening.
    WARNING (SFE-30): "../../../../template/ibm65/subPU.scs" 5: P2.PX: `p_vta' is not a valid parameter for an instance of `psvtlppusp'.  Ignored.
Warning from spectre in `PU_TRANSISTOR':`P3', during hierarchy flattening.
    WARNING (SFE-30): "../../../../template/ibm65/subPU.scs" 5: P3.PX: `p_vta' is not a valid parameter for an instance of `psvtlppusp'.  Ignored.
Warning from spectre during initial setup.
    WARNING (CMI-2441): P3.PX.m1: Instance length or width does not fit the given lmax-lmin or wmax-wmin range for the model 'P3.PX.psvtlppusp'.
    WARNING (CMI-2441): P2.PX.m1: Instance length or width does not fit the given lmax-lmin or wmax-wmin range for the model 'P2.PX.psvtlppusp'.
    WARNING (CMI-2441): P1.PX.m1: Instance length or width does not fit the given lmax-lmin or wmax-wmin range for the model 'P1.PX.psvtlppusp'.
    WARNING (CMI-2426): P1.PX.m1: `Cdscd' = -25 uF/m^2*V is negative.
Notice from spectre during topology check.
    Only one connection to node `VSS'.


Circuit inventory:
              nodes 6
              bsim4 3     
            vsource 6     


Warning from spectre during alter `settnom'.
    WARNING (CMI-2426): P1.PX.m1: `Cdscd' = -25 uF/m^2*V is negative.


settnom: `tnom' set to 27 C.

*******************************************
DC Analysis `dc': VVDS:dc = (-1.1 V -> 0 V)
*******************************************
Important parameter values:
    reltol = 1e-03
    abstol(I) = 1 pA
    abstol(V) = 1 uV
    temp = 25 C
    tnom = 27 C
    tempeffects = all
    gmin = 100e-24 S
......9......8......7......6......5......4......3......2......1......0
Total time required for dc analysis `dc' was 20 ms.


Aggregate audit (1:19:27 AM, Wed Jan 23, 2013):
Time used: CPU = 214 ms, elapsed = 1 s, util. = 21.4%.
Time spent in licensing: elapsed = 10 ms.
Virtual memory used = 6.73 Mbytes.
spectre completes with 0 errors, 8 warnings, and 1 notice.
